This file contains any messages produced by compilers while
running configure, to aid debugging if configure makes a mistake.

It was created by mhdvanleer configure 0.0.1, which was
generated by GNU Autoconf 2.59.  Invocation command line was

  $ ./configure --with-hdf5=no

## --------- ##
## Platform. ##
## --------- ##

hostname = murphy-imac.int.nbi.dk
uname -m = x86_64
uname -r = 15.2.0
uname -s = Darwin
uname -v = Darwin Kernel Version 15.2.0: Fri Nov 13 19:56:56 PST 2015; root:xnu-3248.20.55~2/RELEASE_X86_64

/usr/bin/uname -p = i386
/bin/uname -X     = unknown

/bin/arch              = unknown
/usr/bin/arch -k       = unknown
/usr/convex/getsysinfo = unknown
hostinfo               = Mach kernel version:
	 Darwin Kernel Version 15.2.0: Fri Nov 13 19:56:56 PST 2015; root:xnu-3248.20.55~2/RELEASE_X86_64
Kernel configured for up to 8 processors.
4 processors are physically available.
8 processors are logically available.
Processor type: i486 (Intel 80486)
Processors active: 0 1 2 3 4 5 6 7
Primary memory available: 32.00 gigabytes
Default processor set: 406 tasks, 2121 threads, 8 processors
Load average: 1.63, Mach factor: 6.37
/bin/machine           = unknown
/usr/bin/oslevel       = unknown
/bin/universe          = unknown

PATH: /opt/local/bin
PATH: /opt/local/sbin
PATH: /opt/pgi/osx86-64/13.3/bin
PATH: /opt/local/lib/openmpi/bin
PATH: /Developer/NVIDIA/CUDA-5.0/bin
PATH: /usr/local/cuda/bin
PATH: /opt/local/bin
PATH: /opt/local/sbin
PATH: /Users/gmurphy/bin
PATH: /Users/gmurphy/bin
PATH: /usr/local/bin
PATH: /usr/bin
PATH: /bin
PATH: /usr/sbin
PATH: /sbin
PATH: /opt/X11/bin
PATH: /Library/TeX/texbin
PATH: /Applications/Gnuplot.app/Contents/Resources/bin
PATH: /usr/local/texlive/2012/bin/universal-darwin/
PATH: ~/chapel-1.12.0/bin/darwin


## ----------- ##
## Core tests. ##
## ----------- ##

configure:1366: checking for a BSD-compatible install
configure:1421: result: /opt/local/bin/ginstall -c
configure:1432: checking whether build environment is sane
configure:1475: result: yes
configure:1540: checking for gawk
configure:1556: found /opt/local/bin/gawk
configure:1566: result: gawk
configure:1576: checking whether make sets $(MAKE)
configure:1596: result: yes
configure:1818: checking for ranlib
configure:1834: found /opt/local/bin/ranlib
configure:1845: result: ranlib
configure:1909: checking for g++
configure:1925: found /usr/local/bin/g++
configure:1935: result: g++
configure:1951: checking for C++ compiler version
configure:1954: g++ --version </dev/null >&5
g++ (GCC) 5.0.0 20141012 (experimental)
Copyright (C) 2014 Free Software Foundation, Inc.
This is free software; see the source for copying conditions.  There is NO
warranty; not even for MERCHANTABILITY or FITNESS FOR A PARTICULAR PURPOSE.

configure:1957: $? = 0
configure:1959: g++ -v </dev/null >&5
Using built-in specs.
COLLECT_GCC=g++
COLLECT_LTO_WRAPPER=/usr/local/libexec/gcc/x86_64-apple-darwin13.4.0/5.0.0/lto-wrapper
Target: x86_64-apple-darwin13.4.0
Configured with: ../gcc-5-20141012/configure --enable-languages=c++,fortran
Thread model: posix
gcc version 5.0.0 20141012 (experimental) (GCC) 

configure:1962: $? = 0
configure:1964: g++ -V </dev/null >&5
g++: error: unrecognized command line option '-V'
g++: fatal error: no input files
compilation terminated.
configure:1967: $? = 1
configure:1990: checking for C++ compiler default output file name
configure:1993: g++    conftest.cc  >&5
configure:1996: $? = 0
configure:2042: result: a.out
configure:2047: checking whether the C++ compiler works
configure:2053: ./a.out
configure:2056: $? = 0
configure:2073: result: yes
configure:2080: checking whether we are cross compiling
configure:2082: result: no
configure:2085: checking for suffix of executables
configure:2087: g++ -o conftest    conftest.cc  >&5
configure:2090: $? = 0
configure:2115: result: 
configure:2121: checking for suffix of object files
configure:2142: g++ -c   conftest.cc >&5
configure:2145: $? = 0
configure:2167: result: o
configure:2171: checking whether we are using the GNU C++ compiler
configure:2195: g++ -c   conftest.cc >&5
configure:2201: $? = 0
configure:2204: test -z 			 || test ! -s conftest.err
configure:2207: $? = 0
configure:2210: test -s conftest.o
configure:2213: $? = 0
configure:2226: result: yes
configure:2232: checking whether g++ accepts -g
configure:2253: g++ -c -g  conftest.cc >&5
configure:2259: $? = 0
configure:2262: test -z 			 || test ! -s conftest.err
configure:2265: $? = 0
configure:2268: test -s conftest.o
configure:2271: $? = 0
configure:2282: result: yes
configure:2324: g++ -c -g -O2  conftest.cc >&5
configure:2330: $? = 0
configure:2333: test -z 			 || test ! -s conftest.err
configure:2336: $? = 0
configure:2339: test -s conftest.o
configure:2342: $? = 0
configure:2368: g++ -c -g -O2  conftest.cc >&5
conftest.cc: In function 'int main()':
conftest.cc:15:9: error: 'exit' was not declared in this scope
 exit (42);
         ^
configure:2374: $? = 1
configure: failed program was:
| /* confdefs.h.  */
| 
| #define PACKAGE_NAME "mhdvanleer"
| #define PACKAGE_TARNAME "mhdvanleer"
| #define PACKAGE_VERSION "0.0.1"
| #define PACKAGE_STRING "mhdvanleer 0.0.1"
| #define PACKAGE_BUGREPORT "Gareth Murphy garethcmurphy@gmail.com"
| #define PACKAGE "mhdvanleer"
| #define VERSION "0.0.1"
| /* end confdefs.h.  */
| 
| int
| main ()
| {
| exit (42);
|   ;
|   return 0;
| }
configure:2324: g++ -c -g -O2  conftest.cc >&5
conftest.cc:11:40: error: 'void std::exit(int)' should have been declared inside 'std'
 extern "C" void std::exit (int) throw (); using std::exit;
                                        ^
In file included from /usr/include/sys/_types.h:32:0,
                 from /usr/include/_types.h:27,
                 from /usr/include/stdlib.h:63,
                 from conftest.cc:12:
/usr/include/stdlib.h:142:17: error: declaration of 'void std::exit(int)' has a different exception specifier
 void  exit(int) __dead2;
                 ^
conftest.cc:11:17: error: from previous declaration 'void std::exit(int) throw ()'
 extern "C" void std::exit (int) throw (); using std::exit;
                 ^
configure:2330: $? = 1
configure: failed program was:
| /* confdefs.h.  */
| 
| #define PACKAGE_NAME "mhdvanleer"
| #define PACKAGE_TARNAME "mhdvanleer"
| #define PACKAGE_VERSION "0.0.1"
| #define PACKAGE_STRING "mhdvanleer 0.0.1"
| #define PACKAGE_BUGREPORT "Gareth Murphy garethcmurphy@gmail.com"
| #define PACKAGE "mhdvanleer"
| #define VERSION "0.0.1"
| /* end confdefs.h.  */
| extern "C" void std::exit (int) throw (); using std::exit;
| #include <stdlib.h>
| int
| main ()
| {
| exit (42);
|   ;
|   return 0;
| }
configure:2324: g++ -c -g -O2  conftest.cc >&5
conftest.cc:11:31: error: 'void std::exit(int)' should have been declared inside 'std'
 extern "C" void std::exit (int); using std::exit;
                               ^
configure:2330: $? = 1
configure: failed program was:
| /* confdefs.h.  */
| 
| #define PACKAGE_NAME "mhdvanleer"
| #define PACKAGE_TARNAME "mhdvanleer"
| #define PACKAGE_VERSION "0.0.1"
| #define PACKAGE_STRING "mhdvanleer 0.0.1"
| #define PACKAGE_BUGREPORT "Gareth Murphy garethcmurphy@gmail.com"
| #define PACKAGE "mhdvanleer"
| #define VERSION "0.0.1"
| /* end confdefs.h.  */
| extern "C" void std::exit (int); using std::exit;
| #include <stdlib.h>
| int
| main ()
| {
| exit (42);
|   ;
|   return 0;
| }
configure:2324: g++ -c -g -O2  conftest.cc >&5
In file included from /usr/include/sys/_types.h:32:0,
                 from /usr/include/_types.h:27,
                 from /usr/include/stdlib.h:63,
                 from conftest.cc:12:
/usr/include/stdlib.h:142:17: error: declaration of 'void exit(int)' has a different exception specifier
 void  exit(int) __dead2;
                 ^
conftest.cc:11:17: error: from previous declaration 'void exit(int) throw ()'
 extern "C" void exit (int) throw ();
                 ^
configure:2330: $? = 1
configure: failed program was:
| /* confdefs.h.  */
| 
| #define PACKAGE_NAME "mhdvanleer"
| #define PACKAGE_TARNAME "mhdvanleer"
| #define PACKAGE_VERSION "0.0.1"
| #define PACKAGE_STRING "mhdvanleer 0.0.1"
| #define PACKAGE_BUGREPORT "Gareth Murphy garethcmurphy@gmail.com"
| #define PACKAGE "mhdvanleer"
| #define VERSION "0.0.1"
| /* end confdefs.h.  */
| extern "C" void exit (int) throw ();
| #include <stdlib.h>
| int
| main ()
| {
| exit (42);
|   ;
|   return 0;
| }
configure:2324: g++ -c -g -O2  conftest.cc >&5
configure:2330: $? = 0
configure:2333: test -z 			 || test ! -s conftest.err
configure:2336: $? = 0
configure:2339: test -s conftest.o
configure:2342: $? = 0
configure:2368: g++ -c -g -O2  conftest.cc >&5
configure:2374: $? = 0
configure:2377: test -z 			 || test ! -s conftest.err
configure:2380: $? = 0
configure:2383: test -s conftest.o
configure:2386: $? = 0
configure:2420: checking for style of include used by make
configure:2448: result: GNU
configure:2476: checking dependency style of g++
configure:2566: result: gcc3
configure:2629: checking for gcc
configure:2645: found /usr/local/bin/gcc
configure:2655: result: gcc
configure:2899: checking for C compiler version
configure:2902: gcc --version </dev/null >&5
gcc (GCC) 5.0.0 20141012 (experimental)
Copyright (C) 2014 Free Software Foundation, Inc.
This is free software; see the source for copying conditions.  There is NO
warranty; not even for MERCHANTABILITY or FITNESS FOR A PARTICULAR PURPOSE.

configure:2905: $? = 0
configure:2907: gcc -v </dev/null >&5
Using built-in specs.
COLLECT_GCC=gcc
COLLECT_LTO_WRAPPER=/usr/local/libexec/gcc/x86_64-apple-darwin13.4.0/5.0.0/lto-wrapper
Target: x86_64-apple-darwin13.4.0
Configured with: ../gcc-5-20141012/configure --enable-languages=c++,fortran
Thread model: posix
gcc version 5.0.0 20141012 (experimental) (GCC) 

configure:2910: $? = 0
configure:2912: gcc -V </dev/null >&5
gcc: error: unrecognized command line option '-V'
gcc: fatal error: no input files
compilation terminated.
configure:2915: $? = 1
configure:2918: checking whether we are using the GNU C compiler
configure:2942: gcc -c   conftest.c >&5
configure:2948: $? = 0
configure:2951: test -z 			 || test ! -s conftest.err
configure:2954: $? = 0
configure:2957: test -s conftest.o
configure:2960: $? = 0
configure:2973: result: yes
configure:2979: checking whether gcc accepts -g
configure:3000: gcc -c -g  conftest.c >&5
configure:3006: $? = 0
configure:3009: test -z 			 || test ! -s conftest.err
configure:3012: $? = 0
configure:3015: test -s conftest.o
configure:3018: $? = 0
configure:3029: result: yes
configure:3046: checking for gcc option to accept ANSI C
configure:3116: gcc  -c -g -O2  conftest.c >&5
configure:3122: $? = 0
configure:3125: test -z 			 || test ! -s conftest.err
configure:3128: $? = 0
configure:3131: test -s conftest.o
configure:3134: $? = 0
configure:3152: result: none needed
configure:3170: gcc -c -g -O2  conftest.c >&5
conftest.c:2:3: error: unknown type name 'choke'
   choke me
   ^
conftest.c:2:3: error: expected '=', ',', ';', 'asm' or '__attribute__' at end of input
configure:3176: $? = 1
configure: failed program was:
| #ifndef __cplusplus
|   choke me
| #endif
configure:3308: checking dependency style of gcc
configure:3398: result: gcc3
configure:3417: checking for library containing strerror
configure:3447: gcc -o conftest -g -O2   conftest.c  >&5
configure:3453: $? = 0
configure:3456: test -z 			 || test ! -s conftest.err
configure:3459: $? = 0
configure:3462: test -s conftest
configure:3465: $? = 0
configure:3534: result: none required
configure:3548: checking how to run the C preprocessor
configure:3583: gcc -E  conftest.c
configure:3589: $? = 0
configure:3621: gcc -E  conftest.c
conftest.c:14:28: fatal error: ac_nonexistent.h: No such file or directory
compilation terminated.
configure:3627: $? = 1
configure: failed program was:
| /* confdefs.h.  */
| 
| #define PACKAGE_NAME "mhdvanleer"
| #define PACKAGE_TARNAME "mhdvanleer"
| #define PACKAGE_VERSION "0.0.1"
| #define PACKAGE_STRING "mhdvanleer 0.0.1"
| #define PACKAGE_BUGREPORT "Gareth Murphy garethcmurphy@gmail.com"
| #define PACKAGE "mhdvanleer"
| #define VERSION "0.0.1"
| #ifdef __cplusplus
| extern "C" void exit (int);
| #endif
| /* end confdefs.h.  */
| #include <ac_nonexistent.h>
configure:3666: result: gcc -E
configure:3690: gcc -E  conftest.c
configure:3696: $? = 0
configure:3728: gcc -E  conftest.c
conftest.c:14:28: fatal error: ac_nonexistent.h: No such file or directory
compilation terminated.
configure:3734: $? = 1
configure: failed program was:
| /* confdefs.h.  */
| 
| #define PACKAGE_NAME "mhdvanleer"
| #define PACKAGE_TARNAME "mhdvanleer"
| #define PACKAGE_VERSION "0.0.1"
| #define PACKAGE_STRING "mhdvanleer 0.0.1"
| #define PACKAGE_BUGREPORT "Gareth Murphy garethcmurphy@gmail.com"
| #define PACKAGE "mhdvanleer"
| #define VERSION "0.0.1"
| #ifdef __cplusplus
| extern "C" void exit (int);
| #endif
| /* end confdefs.h.  */
| #include <ac_nonexistent.h>
configure:3778: checking for egrep
configure:3788: result: grep -E
configure:3793: checking for ANSI C header files
configure:3818: gcc -c -g -O2  conftest.c >&5
configure:3824: $? = 0
configure:3827: test -z 			 || test ! -s conftest.err
configure:3830: $? = 0
configure:3833: test -s conftest.o
configure:3836: $? = 0
configure:3925: gcc -o conftest -g -O2   conftest.c  >&5
conftest.c: In function 'main':
conftest.c:31:7: warning: incompatible implicit declaration of built-in function 'exit'
       exit(2);
       ^
conftest.c:31:7: note: include '<stdlib.h>' or provide a declaration of 'exit'
configure:3928: $? = 0
configure:3930: ./conftest
configure:3933: $? = 0
configure:3948: result: yes
configure:3972: checking for sys/types.h
configure:3988: gcc -c -g -O2  conftest.c >&5
configure:3994: $? = 0
configure:3997: test -z 			 || test ! -s conftest.err
configure:4000: $? = 0
configure:4003: test -s conftest.o
configure:4006: $? = 0
configure:4017: result: yes
configure:3972: checking for sys/stat.h
configure:3988: gcc -c -g -O2  conftest.c >&5
configure:3994: $? = 0
configure:3997: test -z 			 || test ! -s conftest.err
configure:4000: $? = 0
configure:4003: test -s conftest.o
configure:4006: $? = 0
configure:4017: result: yes
configure:3972: checking for stdlib.h
configure:3988: gcc -c -g -O2  conftest.c >&5
configure:3994: $? = 0
configure:3997: test -z 			 || test ! -s conftest.err
configure:4000: $? = 0
configure:4003: test -s conftest.o
configure:4006: $? = 0
configure:4017: result: yes
configure:3972: checking for string.h
configure:3988: gcc -c -g -O2  conftest.c >&5
configure:3994: $? = 0
configure:3997: test -z 			 || test ! -s conftest.err
configure:4000: $? = 0
configure:4003: test -s conftest.o
configure:4006: $? = 0
configure:4017: result: yes
configure:3972: checking for memory.h
configure:3988: gcc -c -g -O2  conftest.c >&5
configure:3994: $? = 0
configure:3997: test -z 			 || test ! -s conftest.err
configure:4000: $? = 0
configure:4003: test -s conftest.o
configure:4006: $? = 0
configure:4017: result: yes
configure:3972: checking for strings.h
configure:3988: gcc -c -g -O2  conftest.c >&5
configure:3994: $? = 0
configure:3997: test -z 			 || test ! -s conftest.err
configure:4000: $? = 0
configure:4003: test -s conftest.o
configure:4006: $? = 0
configure:4017: result: yes
configure:3972: checking for inttypes.h
configure:3988: gcc -c -g -O2  conftest.c >&5
configure:3994: $? = 0
configure:3997: test -z 			 || test ! -s conftest.err
configure:4000: $? = 0
configure:4003: test -s conftest.o
configure:4006: $? = 0
configure:4017: result: yes
configure:3972: checking for stdint.h
configure:3988: gcc -c -g -O2  conftest.c >&5
configure:3994: $? = 0
configure:3997: test -z 			 || test ! -s conftest.err
configure:4000: $? = 0
configure:4003: test -s conftest.o
configure:4006: $? = 0
configure:4017: result: yes
configure:3972: checking for unistd.h
configure:3988: gcc -c -g -O2  conftest.c >&5
configure:3994: $? = 0
configure:3997: test -z 			 || test ! -s conftest.err
configure:4000: $? = 0
configure:4003: test -s conftest.o
configure:4006: $? = 0
configure:4017: result: yes
configure:4029: checking for size_t
configure:4053: gcc -c -g -O2  conftest.c >&5
configure:4059: $? = 0
configure:4062: test -z 			 || test ! -s conftest.err
configure:4065: $? = 0
configure:4068: test -s conftest.o
configure:4071: $? = 0
configure:4082: result: yes
configure:4094: checking for an ANSI C-conforming const
configure:4161: gcc -c -g -O2  conftest.c >&5
configure:4167: $? = 0
configure:4170: test -z 			 || test ! -s conftest.err
configure:4173: $? = 0
configure:4176: test -s conftest.o
configure:4179: $? = 0
configure:4190: result: yes
configure:4208: checking for stdlib.h
configure:4213: result: yes
configure:4352: checking for GNU libc compatible malloc
configure:4381: gcc -o conftest -g -O2   conftest.c  >&5
configure:4384: $? = 0
configure:4386: ./conftest
configure:4389: $? = 0
configure:4403: result: yes
configure:4434: checking for sqrt in -lm
configure:4464: gcc -o conftest -g -O2   conftest.c -lm   >&5
conftest.c:33:6: warning: conflicting types for built-in function 'sqrt'
 char sqrt ();
      ^
configure:4470: $? = 0
configure:4473: test -z 			 || test ! -s conftest.err
configure:4476: $? = 0
configure:4479: test -s conftest
configure:4482: $? = 0
configure:4495: result: yes
configure:4507: checking for pow in -lm
configure:4537: gcc -o conftest -g -O2   conftest.c -lm  -lm  >&5
conftest.c:34:6: warning: conflicting types for built-in function 'pow'
 char pow ();
      ^
configure:4543: $? = 0
configure:4546: test -z 			 || test ! -s conftest.err
configure:4549: $? = 0
configure:4552: test -s conftest
configure:4555: $? = 0
configure:4568: result: yes
configure:4581: checking for ANSI C header files
configure:4736: result: yes
configure:4746: checking for sys/wait.h that is POSIX.1 compatible
configure:4777: gcc -c -g -O2  conftest.c >&5
configure:4783: $? = 0
configure:4786: test -z 			 || test ! -s conftest.err
configure:4789: $? = 0
configure:4792: test -s conftest.o
configure:4795: $? = 0
configure:4806: result: yes
configure:4822: checking for string.h
configure:4827: result: yes
configure:4822: checking for unistd.h
configure:4827: result: yes
configure:5214: creating ./config.status

## ---------------------- ##
## Running config.status. ##
## ---------------------- ##

This file was extended by mhdvanleer config.status 0.0.1, which was
generated by GNU Autoconf 2.59.  Invocation command line was

  CONFIG_FILES    = 
  CONFIG_HEADERS  = 
  CONFIG_LINKS    = 
  CONFIG_COMMANDS = 
  $ ./config.status 

on murphy-imac.int.nbi.dk

config.status:742: creating Makefile
config.status:742: creating README
config.status:742: creating doc/Makefile
config.status:742: creating m4/Makefile
config.status:742: creating src/Makefile
config.status:742: creating src/headers/Makefile
config.status:742: creating src/tnt/Makefile
config.status:808: creating config.h
config.status:1116: executing depfiles commands

## ---------------- ##
## Cache variables. ##
## ---------------- ##

ac_cv_c_compiler_gnu=yes
ac_cv_c_const=yes
ac_cv_cxx_compiler_gnu=yes
ac_cv_env_CC_set=
ac_cv_env_CC_value=
ac_cv_env_CFLAGS_set=
ac_cv_env_CFLAGS_value=
ac_cv_env_CPPFLAGS_set=
ac_cv_env_CPPFLAGS_value=
ac_cv_env_CPP_set=
ac_cv_env_CPP_value=
ac_cv_env_CXXFLAGS_set=
ac_cv_env_CXXFLAGS_value=
ac_cv_env_CXX_set=
ac_cv_env_CXX_value=
ac_cv_env_LDFLAGS_set=
ac_cv_env_LDFLAGS_value=
ac_cv_env_build_alias_set=
ac_cv_env_build_alias_value=
ac_cv_env_host_alias_set=
ac_cv_env_host_alias_value=
ac_cv_env_target_alias_set=
ac_cv_env_target_alias_value=
ac_cv_exeext=
ac_cv_func_malloc_0_nonnull=yes
ac_cv_header_inttypes_h=yes
ac_cv_header_memory_h=yes
ac_cv_header_stdc=yes
ac_cv_header_stdint_h=yes
ac_cv_header_stdlib_h=yes
ac_cv_header_string_h=yes
ac_cv_header_strings_h=yes
ac_cv_header_sys_stat_h=yes
ac_cv_header_sys_types_h=yes
ac_cv_header_sys_wait_h=yes
ac_cv_header_unistd_h=yes
ac_cv_lib_m_pow=yes
ac_cv_lib_m_sqrt=yes
ac_cv_objext=o
ac_cv_path_install='/opt/local/bin/ginstall -c'
ac_cv_prog_AWK=gawk
ac_cv_prog_CPP='gcc -E'
ac_cv_prog_ac_ct_CC=gcc
ac_cv_prog_ac_ct_CXX=g++
ac_cv_prog_ac_ct_RANLIB=ranlib
ac_cv_prog_cc_g=yes
ac_cv_prog_cc_stdc=
ac_cv_prog_cxx_g=yes
ac_cv_prog_egrep='grep -E'
ac_cv_prog_make_make_set=yes
ac_cv_search_strerror='none required'
ac_cv_type_size_t=yes
am_cv_CC_dependencies_compiler_type=gcc3
am_cv_CXX_dependencies_compiler_type=gcc3

## ----------------- ##
## Output variables. ##
## ----------------- ##

ACLOCAL='${SHELL} /Users/gmurphy/Documents/src/mhdvanleer-0.0.1/missing --run aclocal-1.9'
AMDEPBACKSLASH='\'
AMDEP_FALSE='#'
AMDEP_TRUE=''
AMTAR='${SHELL} /Users/gmurphy/Documents/src/mhdvanleer-0.0.1/missing --run tar'
AUTOCONF='${SHELL} /Users/gmurphy/Documents/src/mhdvanleer-0.0.1/missing --run autoconf'
AUTOHEADER='${SHELL} /Users/gmurphy/Documents/src/mhdvanleer-0.0.1/missing --run autoheader'
AUTOMAKE='${SHELL} /Users/gmurphy/Documents/src/mhdvanleer-0.0.1/missing --run automake-1.9'
AWK='gawk'
CC='gcc'
CCDEPMODE='depmode=gcc3'
CFLAGS='-g -O2'
CPP='gcc -E'
CPPFLAGS=''
CXX='g++'
CXXDEPMODE='depmode=gcc3'
CXXFLAGS='-g -O2'
CYGPATH_W='echo'
DEFS='-DHAVE_CONFIG_H'
DEPDIR='.deps'
ECHO_C='ECHO_N=''
ECHO_T=''
EGREP='grep -E'
EXEEXT=''
INSTALL_DATA='${INSTALL} -m 644'
INSTALL_PROGRAM='${INSTALL}'
INSTALL_SCRIPT='${INSTALL}'
INSTALL_STRIP_PROGRAM='${SHELL} $(install_sh) -c -s'
LDFLAGS=''
LIBOBJS=''
LIBS='-lm -lm '
LTLIBOBJS=''
MAKEINFO='${SHELL} /Users/gmurphy/Documents/src/mhdvanleer-0.0.1/missing --run makeinfo'
OBJEXT='o'
PACKAGE='mhdvanleer'
PACKAGE_BUGREPORT='Gareth Murphy garethcmurphy@gmail.com'
PACKAGE_NAME='mhdvanleer'
PACKAGE_STRING='mhdvanleer 0.0.1'
PACKAGE_TARNAME='mhdvanleer'
PACKAGE_VERSION='0.0.1'
PATH_SEPARATOR=':'
RANLIB='ranlib'
SET_MAKE=''
SHELL='/bin/sh'
STRIP=''
VERSION='0.0.1'
ac_ct_CC='gcc'
ac_ct_CXX='g++'
ac_ct_RANLIB='ranlib'
ac_ct_STRIP=''
am__fastdepCC_FALSE='#'
am__fastdepCC_TRUE=''
am__fastdepCXX_FALSE='#'
am__fastdepCXX_TRUE=''
am__include='include'
am__leading_dot='.'
am__quote=''
am__tar='${AMTAR} chof - "$$tardir"'
am__untar='${AMTAR} xf -'
bindir='${exec_prefix}/bin'
build_alias=''
datadir='${prefix}/share'
exec_prefix='${prefix}'
host_alias=''
includedir='${prefix}/include'
infodir='${prefix}/info'
install_sh='/Users/gmurphy/Documents/src/mhdvanleer-0.0.1/install-sh'
libdir='${exec_prefix}/lib'
libexecdir='${exec_prefix}/libexec'
localstatedir='${prefix}/var'
mandir='${prefix}/man'
mkdir_p='$(mkinstalldirs)'
oldincludedir='/usr/include'
prefix='/usr/local'
program_transform_name='s,x,x,'
sbindir='${exec_prefix}/sbin'
sharedstatedir='${prefix}/com'
sysconfdir='${prefix}/etc'
target_alias=''

## ----------- ##
## confdefs.h. ##
## ----------- ##

#define CXX_HAS_BUGGY_FOR_LOOPS
#define CXX_HAS_NO_BOOL
#define HAVE_INTTYPES_H 1
#define HAVE_LIBM 1
#define HAVE_LIBM 1
#define HAVE_MALLOC 1
#define HAVE_MEMORY_H 1
#define HAVE_STDINT_H 1
#define HAVE_STDLIB_H 1
#define HAVE_STDLIB_H 1
#define HAVE_STRINGS_H 1
#define HAVE_STRING_H 1
#define HAVE_STRING_H 1
#define HAVE_SYS_STAT_H 1
#define HAVE_SYS_TYPES_H 1
#define HAVE_SYS_WAIT_H 1
#define HAVE_UNISTD_H 1
#define HAVE_UNISTD_H 1
#define NDEBUG
#define PACKAGE "mhdvanleer"
#define PACKAGE_BUGREPORT "Gareth Murphy garethcmurphy@gmail.com"
#define PACKAGE_NAME "mhdvanleer"
#define PACKAGE_STRING "mhdvanleer 0.0.1"
#define PACKAGE_TARNAME "mhdvanleer"
#define PACKAGE_VERSION "0.0.1"
#define STDC_HEADERS 1
#define STDC_HEADERS 1
#define VERSION "0.0.1"
#define YOUR_OS
#endif
#ifdef __cplusplus
extern "C" void exit (int);

configure: exit 0
